Run directory: /cluster/home/llingsch/SAM/StNN/output/rebuttal_runs/duffing_neural_ode_stnn_field
Run name: duffing_neural_ode_stnn_field
Device: cuda
System: duffing | state_dim=2
Model type: neural_ode
Trainable parameters: 13,328
Epoch 001/120 | Train: 1.497725 | One-step: 0.803935
Epoch 002/120 | Train: 0.429726 | One-step: 0.232465
Epoch 003/120 | Train: 0.012084 | One-step: 0.006401
Epoch 004/120 | Train: 0.004350 | One-step: 0.002311
Epoch 005/120 | Train: 0.003870 | One-step: 0.002053
Epoch 006/120 | Train: 0.004405 | One-step: 0.002319
Epoch 007/120 | Train: 0.004599 | One-step: 0.002437
Epoch 008/120 | Train: 0.004718 | One-step: 0.002376
Epoch 009/120 | Train: 0.003969 | One-step: 0.001973
Epoch 010/120 | Train: 0.004410 | One-step: 0.002209
Epoch 011/120 | Train: 0.003945 | One-step: 0.002035
Epoch 012/120 | Train: 0.003580 | One-step: 0.001719
Epoch 013/120 | Train: 0.005044 | One-step: 0.002445
Epoch 014/120 | Train: 0.004680 | One-step: 0.002297
Epoch 015/120 | Train: 0.004107 | One-step: 0.001955
Epoch 016/120 | Train: 0.003602 | One-step: 0.001692
Epoch 017/120 | Train: 0.004382 | One-step: 0.001992
Epoch 018/120 | Train: 0.004653 | One-step: 0.002291
Epoch 019/120 | Train: 0.004385 | One-step: 0.002055
Epoch 020/120 | Train: 0.004637 | One-step: 0.002095 | Val one-step: 0.002075 | RMSE@40: 0.7862 | RMSE@120: 1.3578 | RMSE@240: 1.6021
Epoch 021/120 | Train: 0.003297 | One-step: 0.001469
Epoch 022/120 | Train: 0.004278 | One-step: 0.001925
Epoch 023/120 | Train: 0.003722 | One-step: 0.001525
Epoch 024/120 | Train: 0.004094 | One-step: 0.001773
Epoch 025/120 | Train: 0.004238 | One-step: 0.001854
Epoch 026/120 | Train: 0.003870 | One-step: 0.001641
Epoch 027/120 | Train: 0.003672 | One-step: 0.001569
Epoch 028/120 | Train: 0.005133 | One-step: 0.002136
Epoch 029/120 | Train: 0.004376 | One-step: 0.001803
Epoch 030/120 | Train: 0.004468 | One-step: 0.001905
Epoch 031/120 | Train: 0.004632 | One-step: 0.001796
Epoch 032/120 | Train: 0.004632 | One-step: 0.001738
Epoch 033/120 | Train: 0.004363 | One-step: 0.001717
Epoch 034/120 | Train: 0.004056 | One-step: 0.001588
Epoch 035/120 | Train: 0.004515 | One-step: 0.001734
Epoch 036/120 | Train: 0.003581 | One-step: 0.001372
Epoch 037/120 | Train: 0.003728 | One-step: 0.001464
Epoch 038/120 | Train: 0.003679 | One-step: 0.001425
Epoch 039/120 | Train: 0.003908 | One-step: 0.001380
Epoch 040/120 | Train: 0.004243 | One-step: 0.001582 | Val one-step: 0.001663 | RMSE@40: 0.5333 | RMSE@120: 0.8627 | RMSE@240: 1.0343
Epoch 041/120 | Train: 0.003565 | One-step: 0.001304
Epoch 042/120 | Train: 0.004107 | One-step: 0.001409
Epoch 043/120 | Train: 0.004214 | One-step: 0.001365
Epoch 044/120 | Train: 0.003482 | One-step: 0.001182
Epoch 045/120 | Train: 0.003794 | One-step: 0.001211
Epoch 046/120 | Train: 0.003814 | One-step: 0.001388
Epoch 047/120 | Train: 0.004765 | One-step: 0.001537
Epoch 048/120 | Train: 0.004211 | One-step: 0.001461
Epoch 049/120 | Train: 0.003282 | One-step: 0.001163
Epoch 050/120 | Train: 0.003507 | One-step: 0.001130
Epoch 051/120 | Train: 0.004504 | One-step: 0.001341
Epoch 052/120 | Train: 0.003930 | One-step: 0.001242
Epoch 053/120 | Train: 0.004175 | One-step: 0.001329
Epoch 054/120 | Train: 0.004413 | One-step: 0.001265
Epoch 055/120 | Train: 0.005129 | One-step: 0.001584
Epoch 056/120 | Train: 0.003778 | One-step: 0.001125
Epoch 057/120 | Train: 0.004628 | One-step: 0.001366
Epoch 058/120 | Train: 0.003884 | One-step: 0.001103
Epoch 059/120 | Train: 0.004049 | One-step: 0.001043
Epoch 060/120 | Train: 0.004082 | One-step: 0.000975 | Val one-step: 0.001131 | RMSE@40: 0.4904 | RMSE@120: 0.7631 | RMSE@240: 0.8808
Epoch 061/120 | Train: 0.003928 | One-step: 0.000955
Epoch 062/120 | Train: 0.005187 | One-step: 0.001238
Epoch 063/120 | Train: 0.003780 | One-step: 0.001035
Epoch 064/120 | Train: 0.003730 | One-step: 0.000983
Epoch 065/120 | Train: 0.004467 | One-step: 0.001231
Epoch 066/120 | Train: 0.002975 | One-step: 0.000801
Epoch 067/120 | Train: 0.003806 | One-step: 0.001002
Epoch 068/120 | Train: 0.004745 | One-step: 0.001155
Epoch 069/120 | Train: 0.004770 | One-step: 0.001113
Epoch 070/120 | Train: 0.005068 | One-step: 0.001202
Epoch 071/120 | Train: 0.004468 | One-step: 0.001002
Epoch 072/120 | Train: 0.004068 | One-step: 0.000872
Epoch 073/120 | Train: 0.004263 | One-step: 0.000961
Epoch 074/120 | Train: 0.004050 | One-step: 0.001009
Epoch 075/120 | Train: 0.003817 | One-step: 0.000836
Epoch 076/120 | Train: 0.004161 | One-step: 0.000926
Epoch 077/120 | Train: 0.004770 | One-step: 0.001117
Epoch 078/120 | Train: 0.004331 | One-step: 0.000718
Epoch 079/120 | Train: 0.004146 | One-step: 0.000839
Epoch 080/120 | Train: 0.004646 | One-step: 0.000942 | Val one-step: 0.000835 | RMSE@40: 0.4846 | RMSE@120: 0.7287 | RMSE@240: 0.7964
Epoch 081/120 | Train: 0.003909 | One-step: 0.000982
Epoch 082/120 | Train: 0.005287 | One-step: 0.000986
Epoch 083/120 | Train: 0.004966 | One-step: 0.000902
Epoch 084/120 | Train: 0.005149 | One-step: 0.000932
Epoch 085/120 | Train: 0.004166 | One-step: 0.000635
Epoch 086/120 | Train: 0.004415 | One-step: 0.000907
Epoch 087/120 | Train: 0.004450 | One-step: 0.000825
Epoch 088/120 | Train: 0.005115 | One-step: 0.000876
Epoch 089/120 | Train: 0.005292 | One-step: 0.000965
Epoch 090/120 | Train: 0.005356 | One-step: 0.000852
Epoch 091/120 | Train: 0.005091 | One-step: 0.000822
Epoch 092/120 | Train: 0.005809 | One-step: 0.000818
Epoch 093/120 | Train: 0.005281 | One-step: 0.000751
Epoch 094/120 | Train: 0.004517 | One-step: 0.000767
Epoch 095/120 | Train: 0.006273 | One-step: 0.001057
Epoch 096/120 | Train: 0.005636 | One-step: 0.000805
Epoch 097/120 | Train: 0.004313 | One-step: 0.000582
Epoch 098/120 | Train: 0.005841 | One-step: 0.000677
Epoch 099/120 | Train: 0.005897 | One-step: 0.000857
Epoch 100/120 | Train: 0.006041 | One-step: 0.000681 | Val one-step: 0.000766 | RMSE@40: 0.5002 | RMSE@120: 0.7563 | RMSE@240: 0.8240
Epoch 101/120 | Train: 0.006419 | One-step: 0.000830
Epoch 102/120 | Train: 0.004440 | One-step: 0.000690
Epoch 103/120 | Train: 0.006128 | One-step: 0.000693
Epoch 104/120 | Train: 0.006560 | One-step: 0.000694
Epoch 105/120 | Train: 0.008353 | One-step: 0.000945
Epoch 106/120 | Train: 0.006225 | One-step: 0.000792
Epoch 107/120 | Train: 0.005757 | One-step: 0.000745
Epoch 108/120 | Train: 0.009390 | One-step: 0.000956
Epoch 109/120 | Train: 0.007318 | One-step: 0.000750
Epoch 110/120 | Train: 0.006970 | One-step: 0.000680
Epoch 111/120 | Train: 0.007691 | One-step: 0.000726
Epoch 112/120 | Train: 0.008660 | One-step: 0.000738
Epoch 113/120 | Train: 0.009659 | One-step: 0.000829
Epoch 114/120 | Train: 0.006668 | One-step: 0.000623
Epoch 115/120 | Train: 0.009220 | One-step: 0.000798
Epoch 116/120 | Train: 0.008236 | One-step: 0.000701
Epoch 117/120 | Train: 0.008511 | One-step: 0.000765
Epoch 118/120 | Train: 0.007688 | One-step: 0.000777
Epoch 119/120 | Train: 0.012049 | One-step: 0.001049
Epoch 120/120 | Train: 0.008575 | One-step: 0.000665 | Val one-step: 0.000747 | RMSE@40: 0.4249 | RMSE@120: 0.6697 | RMSE@240: 0.8504
Training complete.
Best validation metric (rollout_rmse_h120): 0.669730
Test one-step MSE: 0.000829
Test RMSE@40: 0.433204
Test RMSE@120: 0.664671
Test RMSE@240: 0.820404
Artifacts saved to: /cluster/home/llingsch/SAM/StNN/output/rebuttal_runs/duffing_neural_ode_stnn_field
